P160 Search started at Mon Apr  7 15:01:41 EDT 2025
Running for 12 hours
----------------------------------------
[15:01:50] NEW BEST MATCH FOUND (strategy1):
Match percent: 21%
Input: b1797dcb689f95e5fb6843cd7cff23162e1bf3c789a33a46cf48c60100000000
Hash:  03f9c825b4f6435b4ccfcab8483336c327f2af37493b81030cfeb0024a13588e
----------------------------------------
[15:01:50] Status update:
  - Running time: 00:00:00 / 12:00:00
  - Active processes: 4/4
  - Best match: 21% (found in strategy1)
  - Input: b1797dcb689f95e5fb6843cd7cff23162e1bf3c789a33a46cf48c60100000000
  - Hash: 03f9c825b4f6435b4ccfcab8483336c327f2af37493b81030cfeb0024a13588e
----------------------------------------
[15:02:20] Running: 00:00:30 | Processes: 4/4
[15:02:50] Running: 00:01:00 | Processes: 4/4
[15:03:50] Running: 00:02:00 | Processes: 4/4
[15:04:20] Running: 00:02:30 | Processes: 4/4
[15:04:50] Running: 00:03:00 | Processes: 4/4
[15:05:50] Running: 00:04:00 | Processes: 4/4
[15:06:20] Running: 00:04:30 | Processes: 4/4
[15:06:50] Running: 00:05:00 | Processes: 4/4
[15:07:20] Running: 00:05:30 | Processes: 4/4
[15:07:51] Running: 00:06:01 | Processes: 4/4
[15:08:50] Running: 00:07:00 | Processes: 4/4
[15:09:20] Running: 00:07:30 | Processes: 4/4
[15:09:50] Running: 00:08:00 | Processes: 4/4
[15:10:20] Running: 00:08:30 | Processes: 4/4
[15:10:50] Running: 00:09:00 | Processes: 4/4
[15:11:20] Running: 00:09:30 | Processes: 4/4
[15:11:50] Running: 00:10:00 | Processes: 4/4
[15:12:21] Running: 00:10:31 | Processes: 4/4
[15:12:50] Running: 00:11:00 | Processes: 4/4
[15:13:20] Running: 00:11:30 | Processes: 4/4
[15:14:20] Running: 00:12:30 | Processes: 4/4
